#
# A fatal error has been detected by the Java Runtime Environment:
#
#  SIGSEGV (0xb) at pc=0x0000000114302cdd, pid=20595, tid=0x000000000000ee07
#
# JRE version: Java(TM) SE Runtime Environment (8.0_111-b14) (build 1.8.0_111-b14)
# Java VM: Java HotSpot(TM) 64-Bit Server VM (25.111-b14 mixed mode bsd-amd64 compressed oops)
# Problematic frame:
# C  [libawt_lwawt.dylib+0x1acdd]  OGLSD_SetScratchSurface+0x49
#
# Failed to write core dump. Core dumps have been disabled. To enable core dumping, try "ulimit -c unlimited" before starting Java again
#
# If you would like to submit a bug report, please visit:
#   http://bugreport.java.com/bugreport/crash.jsp
# The crash happened outside the Java Virtual Machine in native code.
# See problematic frame for where to report the bug.
#

---------------  T H R E A D  ---------------

Current thread (0x00007f8c6aa11800):  JavaThread "Java2D Queue Flusher" daemon [_thread_in_native, id=60935, stack(0x000070000b2f5000,0x000070000b3f5000)]

siginfo: si_signo: 11 (SIGSEGV), si_code: 1 (SEGV_MAPERR), si_addr: 0x0000000000000002

Registers:
RAX=0x00000000ffffffff, RBX=0x0000000000000002, RCX=0x0000000000000047, RDX=0x0000000114323844
RSP=0x000070000b3f46c0, RBP=0x000070000b3f46e0, RSI=0x00007f8c68fa79d0, RDI=0x00007f8c6aa119f8
R8 =0x0000000000001435, R9 =0x000000000095e18a, R10=0x000000011822ca78, R11=0xffffffff00000000
R12=0x0000000000000000, R13=0x00000001181fb2ec, R14=0x00007f8c6aa119f8, R15=0x00007f8c6aa11800
RIP=0x0000000114302cdd, EFLAGS=0x0000000000010202, ERR=0x0000000000000004
  TRAPNO=0x000000000000000e

Top of Stack: (sp=0x000070000b3f46c0)
0x000070000b3f46c0:   00007f8c68fa79d0 0000000000000000
0x000070000b3f46d0:   00007f8c692d5c10 00007f8c6aa11800
0x000070000b3f46e0:   000070000b3f4760 0000000114323322
0x000070000b3f46f0:   0000000000000000 0000000000000000
0x000070000b3f4700:   000020ade854a81d 0000000742a540e8
0x000070000b3f4710:   0000000742a5c3ac 0000000741372f08
0x000070000b3f4720:   000070000b3f4740 00007f8c692d5c20
0x000070000b3f4730:   00007f8c002d39b8 00007f8c6aa119f8
0x000070000b3f4740:   00000007400e91c8 0000000000000000
0x000070000b3f4750:   000070000b3f4838 00007f8c6aa11800
0x000070000b3f4760:   000070000b3f47b0 000000011822caea
0x000070000b3f4770:   00000007400e91c8 00007f8c68f86568
0x000070000b3f4780:   000070000b3f47e0 000000010b34ea48
0x000070000b3f4790:   0000000000000005 00007f8c6aa11800
0x000070000b3f47a0:   00000007400e9201 00007f8c68d445b0
0x000070000b3f47b0:   000070000b3f49d0 000000011822d804
0x000070000b3f47c0:   00007f8c6aa11800 0000000000000118
0x000070000b3f47d0:   000070000b3f4838 00007f8c6aa11800
0x000070000b3f47e0:   000070000b3f4830 0000000117f64d28
0x000070000b3f47f0:   00000007400e9250 000070000b3f4838
0x000070000b3f4800:   00000001634db840 0000000000000000
0x000070000b3f4810:   00000007400e91c8 0000000000000020
0x000070000b3f4820:   000070000b3f4840 000070000b3f49d0
0x000070000b3f4830:   000070000b3f49d0 00000001181fb1e4
0x000070000b3f4840:   000070000b3f48d0 000000010b4e3c57
0x000070000b3f4850:   000000000b3f4890 000070000b3f48f0
0x000070000b3f4860:   0000000117a69985 0000000117a435d0
0x000070000b3f4870:   0000000100000000 000070000b3f4940
0x000070000b3f4880:   000070000b3f48f0 0000000000000000
0x000070000b3f4890:   0000000000000000 0000000000000000
0x000070000b3f48a0:   0000000100000001 0000000740104a38
0x000070000b3f48b0:   00000007400e9250 00000007400e91c8 

Instructions: (pc=0x0000000114302cdd)
0x0000000114302cbd:   c0 e9 82 00 00 00 48 8b 5e 10 48 85 db 75 0e bf
0x0000000114302ccd:   01 00 00 00 48 8d 15 ef 76 03 00 eb d6 49 89 fe
0x0000000114302cdd:   4c 8b 3b 30 c0 e8 83 a3 02 00 49 8b 3f 49 89 c4
0x0000000114302ced:   48 8b 35 34 f9 05 00 30 c0 e8 cb a4 02 00 48 85 

Register to memory mapping:

RAX=0x00000000ffffffff is an unknown value
RBX=0x0000000000000002 is an unknown value
RCX=0x0000000000000047 is an unknown value
RDX=0x0000000114323844: Java_sun_java2d_opengl_OGLRenderQueue_flushBuffer+0xb5c in /private/var/folders/ls/1zfpscpx2q90z3dktb7wv7p40000gn/T/AppTranslocation/B1A54085-1A2D-4FFF-B2D1-73D67D8EBA81/d/Greenfoot.app/Contents/JDK/Home/jre/lib/libawt_lwawt.dylib at 0x00000001142e8000
RSP=0x000070000b3f46c0 is pointing into the stack for thread: 0x00007f8c6aa11800
RBP=0x000070000b3f46e0 is pointing into the stack for thread: 0x00007f8c6aa11800
RSI=0x00007f8c68fa79d0 is an unknown value
RDI=0x00007f8c6aa119f8 is an unknown value
R8 =0x0000000000001435 is an unknown value
R9 =0x000000000095e18a is an unknown value
R10=0x000000011822ca78 is at entry_point+56 in (nmethod*)0x000000011822c8d0
R11=0xffffffff00000000 is an unknown value
R12=0x0000000000000000 is an unknown value
R13=0x00000001181fb2ec is at entry_point+2796 in (nmethod*)0x00000001181fa450
R14=0x00007f8c6aa119f8 is an unknown value
R15=0x00007f8c6aa11800 is a thread


Stack: [0x000070000b2f5000,0x000070000b3f5000],  sp=0x000070000b3f46c0,  free space=1021k
Native frames: (J=compiled Java code, j=interpreted, Vv=VM code, C=native code)
C  [libawt_lwawt.dylib+0x1acdd]  OGLSD_SetScratchSurface+0x49
C  [libawt_lwawt.dylib+0x3b322]  Java_sun_java2d_opengl_OGLRenderQueue_flushBuffer+0x63a
J 2615  sun.java2d.opengl.OGLRenderQueue.flushBuffer(JI)V (0 bytes) @ 0x000000011822caea [0x000000011822ca40+0xaa]
J 2609 C1 sun.java2d.opengl.OGLRenderQueue.flushBuffer()V (41 bytes) @ 0x000000011822d804 [0x000000011822d5a0+0x264]
J 3929% C1 sun.java2d.opengl.OGLRenderQueue$QueueFlusher.run()V (234 bytes) @ 0x00000001181fb1e4 [0x00000001181fa800+0x9e4]
v  ~StubRoutines::call_stub
V  [libjvm.dylib+0x2ecf8a]  JavaCalls::call_helper(JavaValue*, methodHandle*, JavaCallArguments*, Thread*)+0x6ae
V  [libjvm.dylib+0x2ed718]  JavaCalls::call_virtual(JavaValue*, KlassHandle, Symbol*, Symbol*, JavaCallArguments*, Thread*)+0x164
V  [libjvm.dylib+0x2ed8c4]  JavaCalls::call_virtual(JavaValue*, Handle, KlassHandle, Symbol*, Symbol*, Thread*)+0x4a
V  [libjvm.dylib+0x348039]  thread_entry(JavaThread*, Thread*)+0x7c
V  [libjvm.dylib+0x56a27b]  JavaThread::thread_main_inner()+0x9b
V  [libjvm.dylib+0x56b968]  JavaThread::run()+0x1c2
V  [libjvm.dylib+0x489b0a]  java_start(Thread*)+0xf6
C  [libsystem_pthread.dylib+0x393b]  _pthread_body+0xb4
C  [libsystem_pthread.dylib+0x3887]  _pthread_body+0x0
C  [libsystem_pthread.dylib+0x308d]  thread_start+0xd
C  0x0000000000000000

Java frames: (J=compiled Java code, j=interpreted, Vv=VM code)
J 2615  sun.java2d.opengl.OGLRenderQueue.flushBuffer(JI)V (0 bytes) @ 0x000000011822ca78 [0x000000011822ca40+0x38]
J 2609 C1 sun.java2d.opengl.OGLRenderQueue.flushBuffer()V (41 bytes) @ 0x000000011822d804 [0x000000011822d5a0+0x264]
J 3929% C1 sun.java2d.opengl.OGLRenderQueue$QueueFlusher.run()V (234 bytes) @ 0x00000001181fb1e4 [0x00000001181fa800+0x9e4]
v  ~StubRoutines::call_stub

---------------  P R O C E S S  ---------------

Java Threads: ( => current thread )
  0x00007f8c6a4bc000 JavaThread "TimerQueue" daemon [_thread_blocked, id=73227, stack(0x000070000c122000,0x000070000c222000)]
  0x00007f8c6a041000 JavaThread "main" [_thread_blocked, id=59915, stack(0x000070000b701000,0x000070000b801000)]
  0x00007f8c69a2e000 JavaThread "SimulationThread" [_thread_blocked, id=70147, stack(0x000070000bf9c000,0x000070000c09c000)]
  0x00007f8c69a29800 JavaThread "Thread-6" daemon [_thread_in_native, id=69123, stack(0x000070000be16000,0x000070000be96000)]
  0x00007f8c69352800 JavaThread "Thread-5" daemon [_thread_blocked, id=66307, stack(0x000070000bd13000,0x000070000be13000)]
  0x00007f8c6aa2c000 JavaThread "QuantumRenderer-0" daemon [_thread_blocked, id=59399, stack(0x000070000b5fe000,0x000070000b6fe000)]
  0x00007f8c691af800 JavaThread "AWT-EventQueue-0" [_thread_blocked, id=65283, stack(0x000070000bc10000,0x000070000bd10000)]
  0x00007f8c6aa19000 JavaThread "RMI Reaper" [_thread_blocked, id=64259, stack(0x000070000ba0a000,0x000070000bb0a000)]
  0x00007f8c6aa0b800 JavaThread "RMI TCP Accept-0" daemon [_thread_in_native, id=63759, stack(0x000070000b907000,0x000070000ba07000)]
  0x00007f8c6a10c800 JavaThread "Java2D Disposer" daemon [_thread_blocked, id=62991, stack(0x000070000b804000,0x000070000b904000)]
=>0x00007f8c6aa11800 JavaThread "Java2D Queue Flusher" daemon [_thread_in_native, id=60935, stack(0x000070000b2f5000,0x000070000b3f5000)]
  0x00007f8c6a14f000 JavaThread "GC Daemon" daemon [_thread_blocked, id=58883, stack(0x000070000b4fb000,0x000070000b5fb000)]
  0x00007f8c691fd000 JavaThread "RMI RenewClean-[127.0.0.1:50047]" daemon [_thread_blocked, id=58371, stack(0x000070000b3f8000,0x000070000b4f8000)]
  0x00007f8c6a14b800 JavaThread "RMI Scheduler(0)" daemon [_thread_blocked, id=57883, stack(0x000070000b0ef000,0x000070000b1ef000)]
  0x00007f8c6a996800 JavaThread "DestroyJavaVM" [_thread_blocked, id=7171, stack(0x0000700009d30000,0x0000700009e30000)]
  0x00007f8c691dc000 JavaThread "BlueJ worker thread" [_thread_blocked, id=56579, stack(0x000070000b1f2000,0x000070000b2f2000)]
  0x00007f8c698ce000 JavaThread "AWT-Shutdown" [_thread_blocked, id=32031, stack(0x000070000aee6000,0x000070000afe6000)]
  0x00007f8c69124800 JavaThread "JavaFX Application Thread" daemon [_thread_in_native, id=775, stack(0x00007fff54e53000,0x00007fff55653000)]
  0x00007f8c69002000 JavaThread "Service Thread" daemon [_thread_blocked, id=20227, stack(0x000070000ac5d000,0x000070000ad5d000)]
  0x00007f8c6a036000 JavaThread "C1 CompilerThread2" daemon [_thread_blocked, id=19715, stack(0x000070000ab5a000,0x000070000ac5a000)]
  0x00007f8c69029800 JavaThread "C2 CompilerThread1" daemon [_thread_blocked, id=19203, stack(0x000070000aa57000,0x000070000ab57000)]
  0x00007f8c6a80e000 JavaThread "C2 CompilerThread0" daemon [_thread_blocked, id=18691, stack(0x000070000a954000,0x000070000aa54000)]
  0x00007f8c6a035800 JavaThread "JDWP Command Reader" daemon [_thread_in_native, id=18179, stack(0x000070000a851000,0x000070000a951000)]
  0x00007f8c6a034800 JavaThread "JDWP Event Helper Thread" daemon [_thread_blocked, id=17667, stack(0x000070000a74e000,0x000070000a84e000)]
  0x00007f8c6a81b000 JavaThread "JDWP Transport Listener: dt_socket" daemon [_thread_blocked, id=17155, stack(0x000070000a64b000,0x000070000a74b000)]
  0x00007f8c6a01a800 JavaThread "Signal Dispatcher" daemon [_thread_blocked, id=16643, stack(0x000070000a548000,0x000070000a648000)]
  0x00007f8c6a018000 JavaThread "Finalizer" daemon [_thread_blocked, id=12547, stack(0x000070000a445000,0x000070000a545000)]
  0x00007f8c69818000 JavaThread "Reference Handler" daemon [_thread_blocked, id=12035, stack(0x000070000a342000,0x000070000a442000)]

Other Threads:
  0x00007f8c69046800 VMThread [stack: 0x000070000a23f000,0x000070000a33f000] [id=11523]
  0x00007f8c69823000 WatcherThread [stack: 0x000070000ad60000,0x000070000ae60000] [id=20739]

VM state:not at safepoint (normal execution)

VM Mutex/Monitor currently owned by a thread: None

Heap:
 PSYoungGen      total 121344K, used 1195K [0x0000000795580000, 0x000000079e300000, 0x00000007c0000000)
  eden space 103936K, 1% used [0x0000000795580000,0x00000007956aae48,0x000000079bb00000)
  from space 17408K, 0% used [0x000000079ce00000,0x000000079ce00000,0x000000079df00000)
  to   space 19456K, 0% used [0x000000079bb00000,0x000000079bb00000,0x000000079ce00000)
 ParOldGen       total 87552K, used 43488K [0x0000000740000000, 0x0000000745580000, 0x0000000795580000)
  object space 87552K, 49% used [0x0000000740000000,0x0000000742a78390,0x0000000745580000)
 Metaspace       used 22081K, capacity 22700K, committed 23168K, reserved 1069056K
  class space    used 2694K, capacity 2875K, committed 2944K, reserved 1048576K

Card table byte_map: [0x000000010c361000,0x000000010c762000] byte_map_base: 0x0000000108961000

Marking Bits: (ParMarkBitMap*) 0x000000010b8efd20
 Begin Bits: [0x000000010ca0d000, 0x000000010ea0d000)
 End Bits:   [0x000000010ea0d000, 0x0000000110a0d000)

Polling page: 0x000000010a68f000

CodeCache: size=245760Kb used=12360Kb max_used=13070Kb free=233399Kb
 bounds [0x0000000117a3e000, 0x000000011872e000, 0x0000000126a3e000]
 total_blobs=4066 nmethods=3417 adapters=568
 compilation: enabled

Compilation events (10 events):
Event: 3604.565 Thread 0x00007f8c6a036000 3940       3       java.lang.Thread::getContextClassLoader (32 bytes)
Event: 3604.581 Thread 0x00007f8c6a036000 nmethod 3940 0x00000001182d6d50 code [0x00000001182d6f40, 0x00000001182d7878]
Event: 3604.581 Thread 0x00007f8c6a036000 3941       3       java.io.ObjectStreamClass::hasWriteObjectMethod (17 bytes)
Event: 3604.584 Thread 0x00007f8c6a036000 nmethod 3941 0x0000000118162050 code [0x00000001181621e0, 0x0000000118162508]
Event: 3609.970 Thread 0x00007f8c6a036000 3942   !   3       java.io.ObjectOutputStream::defaultWriteFields (270 bytes)
Event: 3609.978 Thread 0x00007f8c6a036000 nmethod 3942 0x00000001186c7b90 code [0x00000001186c7e20, 0x00000001186c8c38]
Event: 3609.978 Thread 0x00007f8c6a036000 3943       3       java.io.ObjectStreamClass::checkDefaultSerialize (20 bytes)
Event: 3609.979 Thread 0x00007f8c6a036000 nmethod 3943 0x00000001181c71d0 code [0x00000001181c7380, 0x00000001181c7798]
Event: 3609.979 Thread 0x00007f8c6a036000 3944       3       sun.rmi.server.MarshalOutputStream::annotateClass (9 bytes)
Event: 3609.981 Thread 0x00007f8c6a036000 nmethod 3944 0x00000001182b7fd0 code [0x00000001182b8160, 0x00000001182b8558]

GC Heap History (10 events):
Event: 90.329 GC heap before
{Heap before GC invocations=18 (full 4):
 PSYoungGen      total 111104K, used 110821K [0x0000000795580000, 0x000000079e600000, 0x00000007c0000000)
  eden space 110080K, 100% used [0x0000000795580000,0x000000079c100000,0x000000079c100000)
  from space 1024K, 72% used [0x000000079c500000,0x000000079c5b96d8,0x000000079c600000)
  to   space 18944K, 0% used [0x000000079d380000,0x000000079d380000,0x000000079e600000)
 ParOldGen       total 87552K, used 44343K [0x0000000740000000, 0x0000000745580000, 0x0000000795580000)
  object space 87552K, 50% used [0x0000000740000000,0x0000000742b4def0,0x0000000745580000)
 Metaspace       used 22112K, capacity 22852K, committed 22912K, reserved 1069056K
  class space    used 2704K, capacity 2915K, committed 2944K, reserved 1048576K
Event: 90.334 GC heap after
Heap after GC invocations=18 (full 4):
 PSYoungGen      total 119808K, used 640K [0x0000000795580000, 0x000000079e100000, 0x00000007c0000000)
  eden space 105984K, 0% used [0x0000000795580000,0x0000000795580000,0x000000079bd00000)
  from space 13824K, 4% used [0x000000079d380000,0x000000079d420000,0x000000079e100000)
  to   space 18432K, 0% used [0x000000079bd00000,0x000000079bd00000,0x000000079cf00000)
 ParOldGen       total 87552K, used 44447K [0x0000000740000000, 0x0000000745580000, 0x0000000795580000)
  object space 87552K, 50% used [0x0000000740000000,0x0000000742b67f00,0x0000000745580000)
 Metaspace       used 22112K, capacity 22852K, committed 22912K, reserved 1069056K
  class space    used 2704K, capacity 2915K, committed 2944K, reserved 1048576K
}
Event: 96.478 GC heap before
{Heap before GC invocations=19 (full 4):
 PSYoungGen      total 119808K, used 60851K [0x0000000795580000, 0x000000079e100000, 0x00000007c0000000)
  eden space 105984K, 56% used [0x0000000795580000,0x000000079904cda0,0x000000079bd00000)
  from space 13824K, 4% used [0x000000079d380000,0x000000079d420000,0x000000079e100000)
  to   space 18432K, 0% used [0x000000079bd00000,0x000000079bd00000,0x000000079cf00000)
 ParOldGen       total 87552K, used 44447K [0x0000000740000000, 0x0000000745580000, 0x0000000795580000)
  object space 87552K, 50% used [0x0000000740000000,0x0000000742b67f00,0x0000000745580000)
 Metaspace       used 22164K, capacity 22916K, committed 23168K, reserved 1069056K
  class space    used 2712K, capacity 2915K, committed 2944K, reserved 1048576K
Event: 96.480 GC heap after
Heap after GC invocations=19 (full 4):
 PSYoungGen      total 106496K, used 416K [0x0000000795580000, 0x000000079df00000, 0x00000007c0000000)
  eden space 105984K, 0% used [0x0000000795580000,0x0000000795580000,0x000000079bd00000)
  from space 512K, 81% used [0x000000079bd00000,0x000000079bd68000,0x000000079bd80000)
  to   space 17408K, 0% used [0x000000079ce00000,0x000000079ce00000,0x000000079df00000)
 ParOldGen       total 87552K, used 44479K [0x0000000740000000, 0x0000000745580000, 0x0000000795580000)
  object space 87552K, 50% used [0x0000000740000000,0x0000000742b6ff00,0x0000000745580000)
 Metaspace       used 22164K, capacity 22916K, committed 23168K, reserved 1069056K
  class space    used 2712K, capacity 2915K, committed 2944K, reserved 1048576K
}
Event: 96.480 GC heap before
{Heap before GC invocations=20 (full 5):
 PSYoungGen      total 106496K, used 416K [0x0000000795580000, 0x000000079df00000, 0x00000007c0000000)
  eden space 105984K, 0% used [0x0000000795580000,0x0000000795580000,0x000000079bd00000)
  from space 512K, 81% used [0x000000079bd00000,0x000000079bd68000,0x000000079bd80000)
  to   space 17408K, 0% used [0x000000079ce00000,0x000000079ce00000,0x000000079df00000)
 ParOldGen       total 87552K, used 44479K [0x0000000740000000, 0x0000000745580000, 0x0000000795580000)
  object space 87552K, 50% used [0x0000000740000000,0x0000000742b6ff00,0x0000000745580000)
 Metaspace       used 22164K, capacity 22916K, committed 23168K, reserved 1069056K
  class space    used 2712K, capacity 2915K, committed 2944K, reserved 1048576K
Event: 96.545 GC heap after
Heap after GC invocations=20 (full 5):
 PSYoungGen      total 106496K, used 0K [0x0000000795580000, 0x000000079df00000, 0x00000007c0000000)
  eden space 105984K, 0% used [0x0000000795580000,0x0000000795580000,0x000000079bd00000)
  from space 512K, 0% used [0x000000079bd00000,0x000000079bd00000,0x000000079bd80000)
  to   space 17408K, 0% used [0x000000079ce00000,0x000000079ce00000,0x000000079df00000)
 ParOldGen       total 87552K, used 44500K [0x0000000740000000, 0x0000000745580000, 0x0000000795580000)
  object space 87552K, 50% used [0x0000000740000000,0x0000000742b75070,0x0000000745580000)
 Metaspace       used 22164K, capacity 22916K, committed 23168K, reserved 1069056K
  class space    used 2712K, capacity 2915K, committed 2944K, reserved 1048576K
}
Event: 3696.549 GC heap before
{Heap before GC invocations=21 (full 5):
 PSYoungGen      total 106496K, used 10672K [0x0000000795580000, 0x000000079df00000, 0x00000007c0000000)
  eden space 105984K, 10% used [0x0000000795580000,0x0000000795fec168,0x000000079bd00000)
  from space 512K, 0% used [0x000000079bd00000,0x000000079bd00000,0x000000079bd80000)
  to   space 17408K, 0% used [0x000000079ce00000,0x000000079ce00000,0x000000079df00000)
 ParOldGen       total 87552K, used 44500K [0x0000000740000000, 0x0000000745580000, 0x0000000795580000)
  object space 87552K, 50% used [0x0000000740000000,0x0000000742b75070,0x0000000745580000)
 Metaspace       used 22214K, capacity 22916K, committed 23168K, reserved 1069056K
  class space    used 2715K, capacity 2915K, committed 2944K, reserved 1048576K
Event: 3696.634 GC heap after
Heap after GC invocations=21 (full 5):
 PSYoungGen      total 121344K, used 13311K [0x0000000795580000, 0x000000079e300000, 0x00000007c0000000)
  eden space 103936K, 0% used [0x0000000795580000,0x0000000795580000,0x000000079bb00000)
  from space 17408K, 76% used [0x000000079ce00000,0x000000079daffd30,0x000000079df00000)
  to   space 19456K, 0% used [0x000000079bb00000,0x000000079bb00000,0x000000079ce00000)
 ParOldGen       total 87552K, used 44508K [0x0000000740000000, 0x0000000745580000, 0x0000000795580000)
  object space 87552K, 50% used [0x0000000740000000,0x0000000742b77070,0x0000000745580000)
 Metaspace       used 22214K, capacity 22916K, committed 23168K, reserved 1069056K
  class space    used 2715K, capacity 2915K, committed 2944K, reserved 1048576K
}
Event: 3696.634 GC heap before
{Heap before GC invocations=22 (full 6):
 PSYoungGen      total 121344K, used 13311K [0x0000000795580000, 0x000000079e300000, 0x00000007c0000000)
  eden space 103936K, 0% used [0x0000000795580000,0x0000000795580000,0x000000079bb00000)
  from space 17408K, 76% used [0x000000079ce00000,0x000000079daffd30,0x000000079df00000)
  to   space 19456K, 0% used [0x000000079bb00000,0x000000079bb00000,0x000000079ce00000)
 ParOldGen       total 87552K, used 44508K [0x0000000740000000, 0x0000000745580000, 0x0000000795580000)
  object space 87552K, 50% used [0x0000000740000000,0x0000000742b77070,0x0000000745580000)
 Metaspace       used 22214K, capacity 22916K, committed 23168K, reserved 1069056K
  class space    used 2715K, capacity 2915K, committed 2944K, reserved 1048576K
Event: 3697.063 GC heap after
Heap after GC invocations=22 (full 6):
 PSYoungGen      total 121344K, used 0K [0x0000000795580000, 0x000000079e300000, 0x00000007c0000000)
  eden space 103936K, 0% used [0x0000000795580000,0x0000000795580000,0x000000079bb00000)
  from space 17408K, 0% used [0x000000079ce00000,0x000000079ce00000,0x000000079df00000)
  to   space 19456K, 0% used [0x000000079bb00000,0x000000079bb00000,0x000000079ce00000)
 ParOldGen       total 87552K, used 43488K [0x0000000740000000, 0x0000000745580000, 0x0000000795580000)
  object space 87552K, 49% used [0x0000000740000000,0x0000000742a78390,0x0000000745580000)
 Metaspace       used 22079K, capacity 22700K, committed 23168K, reserved 1069056K
  class space    used 2693K, capacity 2875K, committed 2944K, reserved 1048576K
}

Deoptimization events (10 events):
Event: 3310.801 Thread 0x00007f8c691af800 Uncommon trap: reason=unstable_if action=reinterpret pc=0x00000001186d2c88 method=java.awt.EventQueue.getPriority(Ljava/awt/AWTEvent;)I @ 71
Event: 3312.108 Thread 0x00007f8c691af800 Uncommon trap: reason=class_check action=maybe_recompile pc=0x0000000118663334 method=java.awt.geom.RectIterator.<init>(Ljava/awt/geom/Rectangle2D;Ljava/awt/geom/AffineTransform;)V @ 6
Event: 3312.119 Thread 0x00007f8c691af800 Uncommon trap: reason=class_check action=maybe_recompile pc=0x0000000118663334 method=java.awt.geom.RectIterator.<init>(Ljava/awt/geom/Rectangle2D;Ljava/awt/geom/AffineTransform;)V @ 6
Event: 3312.119 Thread 0x00007f8c691af800 Uncommon trap: reason=class_check action=maybe_recompile pc=0x0000000118663334 method=java.awt.geom.RectIterator.<init>(Ljava/awt/geom/Rectangle2D;Ljava/awt/geom/AffineTransform;)V @ 6
Event: 3312.119 Thread 0x00007f8c691af800 Uncommon trap: reason=class_check action=maybe_recompile pc=0x0000000118663334 method=java.awt.geom.RectIterator.<init>(Ljava/awt/geom/Rectangle2D;Ljava/awt/geom/AffineTransform;)V @ 6
Event: 3312.576 Thread 0x00007f8c691af800 Uncommon trap: reason=class_check action=maybe_recompile pc=0x00000001184f8574 method=sun.java2d.SurfaceData.getSourceSurfaceData(Ljava/awt/Image;ILsun/java2d/loops/CompositeType;Ljava/awt/Color;)Lsun/java2d/SurfaceData; @ 78
Event: 3697.071 Thread 0x00007f8c6aa11800 Uncommon trap: reason=unstable_if action=reinterpret pc=0x000000011821bf84 method=java.awt.geom.AffineTransform.equals(Ljava/lang/Object;)Z @ 35
Event: 3697.071 Thread 0x00007f8c6aa11800 Uncommon trap: reason=unstable_if action=reinterpret pc=0x0000000117c759fc method=java.util.concurrent.ConcurrentHashMap.get(Ljava/lang/Object;)Ljava/lang/Object; @ 152
Event: 3697.072 Thread 0x00007f8c6aa11800 Uncommon trap: reason=unstable_if action=reinterpret pc=0x00000001181cd950 method=java.awt.geom.AffineTransform.equals(Ljava/lang/Object;)Z @ 35
Event: 3697.073 Thread 0x00007f8c6a10c800 Uncommon trap: reason=unstable_if action=reinterpret pc=0x00000001185babd8 method=sun.java2d.Disposer.clearDeferredRecords()V @ 3

Internal exceptions (10 events):
Event: 2.044 Thread 0x00007f8c691af800 Exception <a 'java/lang/NullPointerException'> (0x000000079629fc60) thrown at [/Users/java_re/workspace/8-2-build-macosx-x86_64/jdk8u111/7883/hotspot/src/share/vm/interpreter/linkResolver.cpp, line 1178]
Event: 2.117 Thread 0x00007f8c691af800 Implicit null exception at 0x0000000117c75276 to 0x0000000117c757ed
Event: 2.117 Thread 0x00007f8c691af800 Implicit null exception at 0x0000000117c632f6 to 0x0000000117c63835
Event: 4.553 Thread 0x00007f8c6a018000 Exception <a 'java/lang/NullPointerException'> (0x00000007955f8fb0) thrown at [/Users/java_re/workspace/8-2-build-macosx-x86_64/jdk8u111/7883/hotspot/src/share/vm/interpreter/linkResolver.cpp, line 1178]
Event: 5.424 Thread 0x00007f8c69a2e000 Implicit null exception at 0x0000000117f6e505 to 0x0000000117f6f55f
Event: 5.426 Thread 0x00007f8c69a2e000 Implicit null exception at 0x0000000117f6714b to 0x0000000117f676e6
Event: 5.426 Thread 0x00007f8c69a2e000 Implicit null exception at 0x0000000117f59fff to 0x0000000117f5a2a9
Event: 5.451 Thread 0x00007f8c69a2e000 Implicit null exception at 0x0000000117f7215e to 0x0000000117f72525
Event: 96.477 Thread 0x00007f8c69a2e000 Exception <a 'java/lang/InterruptedException': sleep interrupted> (0x0000000798d3aa50) thrown at [/Users/java_re/workspace/8-2-build-macosx-x86_64/jdk8u111/7883/hotspot/src/share/vm/prims/jvm.cpp, line 3224]
Event: 3310.524 Thread 0x00007f8c69124800 Implicit null exception at 0x0000000118422f3b to 0x0000000118425aa9

Events (10 events):
Event: 3697.072 Executing VM operation: RevokeBias done
Event: 3697.073 Executing VM operation: RevokeBias
Event: 3697.073 Executing VM operation: RevokeBias done
Event: 3697.073 Executing VM operation: RevokeBias
Event: 3697.073 Executing VM operation: RevokeBias done
Event: 3697.073 Executing VM operation: BulkRevokeBias
Event: 3697.073 Executing VM operation: BulkRevokeBias done
Event: 3697.073 Thread 0x00007f8c6a10c800 Uncommon trap: trap_request=0xffffff65 fr.pc=0x00000001185babd8
Event: 3697.073 Thread 0x00007f8c6a10c800 DEOPT PACKING pc=0x00000001185babd8 sp=0x000070000b903880
Event: 3697.073 Thread 0x00007f8c6a10c800 DEOPT UNPACKING pc=0x0000000117a43229 sp=0x000070000b903828 mode 2


Dynamic libraries:
0x000000000d4de000 	/System/Library/Frameworks/Cocoa.framework/Versions/A/Cocoa
0x000000000d4de000 	/System/Library/Frameworks/Security.framework/Versions/A/Security
0x000000000d4de000 	/System/Library/Frameworks/ApplicationServices.framework/Versions/A/ApplicationServices
0x000000000d4de000 	/usr/lib/libz.1.dylib
0x000000000d4de000 	/usr/lib/libSystem.B.dylib
0x000000000d4de000 	/usr/lib/libobjc.A.dylib
0x000000000d4de000 	/System/Library/Frameworks/CoreFoundation.framework/Versions/A/CoreFoundation
0x000000000d4de000 	/System/Library/Frameworks/Foundation.framework/Versions/C/Foundation
0x000000000d4de000 	/System/Library/Frameworks/AppKit.framework/Versions/C/AppKit
0x000000000d4de000 	/System/Library/Frameworks/CoreData.framework/Versions/A/CoreData
0x000000000d4de000 	/System/Library/PrivateFrameworks/RemoteViewServices.framework/Versions/A/RemoteViewServices
0x000000000d4de000 	/System/Library/PrivateFrameworks/UIFoundation.framework/Versions/A/UIFoundation
0x000000000d4de000 	/System/Library/PrivateFrameworks/DFRFoundation.framework/Versions/A/DFRFoundation
0x000000000d4de000 	/usr/lib/libenergytrace.dylib
0x000000000d4de000 	/System/Library/PrivateFrameworks/SkyLight.framework/Versions/A/SkyLight
0x000000000d4de000 	/System/Library/Frameworks/CoreGraphics.framework/Versions/A/CoreGraphics
0x000000000d4de000 	/usr/lib/libScreenReader.dylib
0x000000000d4de000 	/System/Library/Frameworks/Accelerate.framework/Versions/A/Accelerate
0x000000000d4de000 	/System/Library/Frameworks/IOSurface.framework/Versions/A/IOSurface
0x000000000d4de000 	/System/Library/Frameworks/AudioToolbox.framework/Versions/A/AudioToolbox
0x000000000d4de000 	/System/Library/Frameworks/AudioUnit.framework/Versions/A/AudioUnit
0x000000000d4de000 	/System/Library/PrivateFrameworks/DataDetectorsCore.framework/Versions/A/DataDetectorsCore
0x000000000d4de000 	/System/Library/PrivateFrameworks/DesktopServicesPriv.framework/Versions/A/DesktopServicesPriv
0x000000000d4de000 	/System/Library/Frameworks/Carbon.framework/Versions/A/Frameworks/HIToolbox.framework/Versions/A/HIToolbox
0x000000000d4de000 	/usr/lib/libicucore.A.dylib
0x000000000d4de000 	/System/Library/Frameworks/QuartzCore.framework/Versions/A/QuartzCore
0x000000000d4de000 	/System/Library/Frameworks/Carbon.framework/Versions/A/Frameworks/SpeechRecognition.framework/Versions/A/SpeechRecognition
0x000000000d4de000 	/usr/lib/libauto.dylib
0x000000000d4de000 	/usr/lib/libxml2.2.dylib
0x000000000d4de000 	/System/Library/PrivateFrameworks/CoreUI.framework/Versions/A/CoreUI
0x000000000d4de000 	/System/Library/Frameworks/CoreAudio.framework/Versions/A/CoreAudio
0x000000000d4de000 	/System/Library/Frameworks/DiskArbitration.framework/Versions/A/DiskArbitration
0x000000000d4de000 	/usr/lib/liblangid.dylib
0x000000000d4de000 	/System/Library/PrivateFrameworks/MultitouchSupport.framework/Versions/A/MultitouchSupport
0x000000000d4de000 	/System/Library/Frameworks/IOKit.framework/Versions/A/IOKit
0x000000000d4de000 	/usr/lib/libDiagnosticMessagesClient.dylib
0x000000000d4de000 	/System/Library/Frameworks/CoreServices.framework/Versions/A/CoreServices
0x000000000d4de000 	/System/Library/PrivateFrameworks/PerformanceAnalysis.framework/Versions/A/PerformanceAnalysis
0x000000000d4de000 	/System/Library/PrivateFrameworks/GenerationalStorage.framework/Versions/A/GenerationalStorage
0x000000000d4de000 	/System/Library/Frameworks/OpenGL.framework/Versions/A/OpenGL
0x000000000d4de000 	/System/Library/Frameworks/CoreImage.framework/Versions/A/CoreImage
0x000000000d4de000 	/System/Library/Frameworks/CoreText.framework/Versions/A/CoreText
0x000000000d4de000 	/System/Library/Frameworks/ImageIO.framework/Versions/A/ImageIO
0x000000000d4de000 	/System/Library/PrivateFrameworks/Backup.framework/Versions/A/Backup
0x000000000d4de000 	/usr/lib/libarchive.2.dylib
0x000000000d4de000 	/System/Library/Frameworks/CFNetwork.framework/Versions/A/CFNetwork
0x000000000d4de000 	/System/Library/Frameworks/SystemConfiguration.framework/Versions/A/SystemConfiguration
0x000000000d4de000 	/usr/lib/libCRFSuite.dylib
0x000000000d4de000 	/usr/lib/libc++.1.dylib
0x000000000d4de000 	/usr/lib/libc++abi.dylib
0x000000000d4de000 	/usr/lib/system/libcache.dylib
0x000000000d4de000 	/usr/lib/system/libcommonCrypto.dylib
0x000000000d4de000 	/usr/lib/system/libcompiler_rt.dylib
0x000000000d4de000 	/usr/lib/system/libcopyfile.dylib
0x000000000d4de000 	/usr/lib/system/libcorecrypto.dylib
0x000000000d4de000 	/usr/lib/system/libdispatch.dylib
0x000000000d4de000 	/usr/lib/system/libdyld.dylib
0x000000000d4de000 	/usr/lib/system/libkeymgr.dylib
0x000000000d4de000 	/usr/lib/system/liblaunch.dylib
0x000000000d4de000 	/usr/lib/system/libmacho.dylib
0x000000000d4de000 	/usr/lib/system/libquarantine.dylib
0x000000000d4de000 	/usr/lib/system/libremovefile.dylib
0x000000000d4de000 	/usr/lib/system/libsystem_asl.dylib
0x000000000d4de000 	/usr/lib/system/libsystem_blocks.dylib
0x000000000d4de000 	/usr/lib/system/libsystem_c.dylib
0x000000000d4de000 	/usr/lib/system/libsystem_configuration.dylib
0x000000000d4de000 	/usr/lib/system/libsystem_coreservices.dylib
0x000000000d4de000 	/usr/lib/system/libsystem_coretls.dylib
0x000000000d4de000 	/usr/lib/system/libsystem_dnssd.dylib
0x000000000d4de000 	/usr/lib/system/libsystem_info.dylib
0x000000000d4de000 	/usr/lib/system/libsystem_kernel.dylib
0x000000000d4de000 	/usr/lib/system/libsystem_m.dylib
0x000000000d4de000 	/usr/lib/system/libsystem_malloc.dylib
0x000000000d4de000 	/usr/lib/system/libsystem_network.dylib
0x000000000d4de000 	/usr/lib/system/libsystem_networkextension.dylib
0x000000000d4de000 	/usr/lib/system/libsystem_notify.dylib
0x000000000d4de000 	/usr/lib/system/libsystem_platform.dylib
0x000000000d4de000 	/usr/lib/system/libsystem_pthread.dylib
0x000000000d4de000 	/usr/lib/system/libsystem_sandbox.dylib
0x000000000d4de000 	/usr/lib/system/libsystem_secinit.dylib
0x000000000d4de000 	/usr/lib/system/libsystem_symptoms.dylib
0x000000000d4de000 	/usr/lib/system/libsystem_trace.dylib
0x000000000d4de000 	/usr/lib/system/libunwind.dylib
0x000000000d4de000 	/usr/lib/system/libxpc.dylib
0x000000000d4de000 	/usr/lib/libbsm.0.dylib
0x000000000d4de000 	/usr/lib/system/libkxld.dylib
0x000000000d4de000 	/usr/lib/libcoretls.dylib
0x000000000d4de000 	/usr/lib/libcoretls_cfhelpers.dylib
0x000000000d4de000 	/usr/lib/libOpenScriptingUtil.dylib
0x000000000d4de000 	/usr/lib/libpam.2.dylib
0x000000000d4de000 	/usr/lib/libsqlite3.dylib
0x000000000d4de000 	/usr/lib/libxar.1.dylib
0x000000000d4de000 	/usr/lib/libbz2.1.0.dylib
0x000000000d4de000 	/usr/lib/liblzma.5.dylib
0x000000000d4de000 	/usr/lib/libnetwork.dylib
0x000000000d4de000 	/usr/lib/libpcap.A.dylib
0x000000000d4de000 	/System/Library/Frameworks/CoreServices.framework/Versions/A/Frameworks/FSEvents.framework/Versions/A/FSEvents
0x000000000d4de000 	/System/Library/Frameworks/CoreServices.framework/Versions/A/Frameworks/CarbonCore.framework/Versions/A/CarbonCore
0x000000000d4de000 	/System/Library/Frameworks/CoreServices.framework/Versions/A/Frameworks/Metadata.framework/Versions/A/Metadata
0x000000000d4de000 	/System/Library/Frameworks/CoreServices.framework/Versions/A/Frameworks/OSServices.framework/Versions/A/OSServices
0x000000000d4de000 	/System/Library/Frameworks/CoreServices.framework/Versions/A/Frameworks/SearchKit.framework/Versions/A/SearchKit
0x000000000d4de000 	/System/Library/Frameworks/CoreServices.framework/Versions/A/Frameworks/AE.framework/Versions/A/AE
0x000000000d4de000 	/System/Library/Frameworks/CoreServices.framework/Versions/A/Frameworks/LaunchServices.framework/Versions/A/LaunchServices
0x000000000d4de000 	/System/Library/Frameworks/CoreServices.framework/Versions/A/Frameworks/DictionaryServices.framework/Versions/A/DictionaryServices
0x000000000d4de000 	/System/Library/Frameworks/CoreServices.framework/Versions/A/Frameworks/SharedFileList.framework/Versions/A/SharedFileList
0x000000000d4de000 	/System/Library/Frameworks/NetFS.framework/Versions/A/NetFS
0x000000000d4de000 	/System/Library/PrivateFrameworks/NetAuth.framework/Versions/A/NetAuth
0x000000000d4de000 	/System/Library/PrivateFrameworks/login.framework/Versions/A/Frameworks/loginsupport.framework/Versions/A/loginsupport
0x000000000d4de000 	/System/Library/PrivateFrameworks/TCC.framework/Versions/A/TCC
0x000000000d4de000 	/usr/lib/libmecabra.dylib
0x000000000d4de000 	/System/Library/Frameworks/ApplicationServices.framework/Versions/A/Frameworks/ATS.framework/Versions/A/ATS
0x000000000d4de000 	/System/Library/Frameworks/ApplicationServices.framework/Versions/A/Frameworks/ColorSync.framework/Versions/A/ColorSync
0x000000000d4de000 	/System/Library/Frameworks/ApplicationServices.framework/Versions/A/Frameworks/HIServices.framework/Versions/A/HIServices
0x000000000d4de000 	/System/Library/Frameworks/ApplicationServices.framework/Versions/A/Frameworks/LangAnalysis.framework/Versions/A/LangAnalysis
0x000000000d4de000 	/System/Library/Frameworks/ApplicationServices.framework/Versions/A/Frameworks/PrintCore.framework/Versions/A/PrintCore
0x000000000d4de000 	/System/Library/Frameworks/ApplicationServices.framework/Versions/A/Frameworks/QD.framework/Versions/A/QD
0x000000000d4de000 	/System/Library/Frameworks/ApplicationServices.framework/Versions/A/Frameworks/SpeechSynthesis.framework/Versions/A/SpeechSynthesis
0x000000000d4de000 	/System/Library/Frameworks/Accelerate.framework/Versions/A/Frameworks/vImage.framework/Versions/A/vImage
0x000000000d4de000 	/System/Library/Frameworks/Accelerate.framework/Versions/A/Frameworks/vecLib.framework/Versions/A/vecLib
0x000000000d4de000 	/System/Library/Frameworks/Accelerate.framework/Versions/A/Frameworks/vecLib.framework/Versions/A/libvDSP.dylib
0x000000000d4de000 	/System/Library/Frameworks/Accelerate.framework/Versions/A/Frameworks/vecLib.framework/Versions/A/libBNNS.dylib
0x000000000d4de000 	/System/Library/Frameworks/Accelerate.framework/Versions/A/Frameworks/vecLib.framework/Versions/A/libQuadrature.dylib
0x000000000d4de000 	/System/Library/Frameworks/Accelerate.framework/Versions/A/Frameworks/vecLib.framework/Versions/A/libvMisc.dylib
0x000000000d4de000 	/System/Library/Frameworks/Accelerate.framework/Versions/A/Frameworks/vecLib.framework/Versions/A/libLAPACK.dylib
0x000000000d4de000 	/System/Library/Frameworks/Accelerate.framework/Versions/A/Frameworks/vecLib.framework/Versions/A/libBLAS.dylib
0x000000000d4de000 	/System/Library/Frameworks/Accelerate.framework/Versions/A/Frameworks/vecLib.framework/Versions/A/libLinearAlgebra.dylib
0x000000000d4de000 	/System/Library/Frameworks/Accelerate.framework/Versions/A/Frameworks/vecLib.framework/Versions/A/libSparseBLAS.dylib
0x000000000d4de000 	/System/Library/Frameworks/ApplicationServices.framework/Versions/A/Frameworks/ATS.framework/Versions/A/Resources/libFontParser.dylib
0x000000000d4de000 	/System/Library/Frameworks/ApplicationServices.framework/Versions/A/Frameworks/ATS.framework/Versions/A/Resources/libFontRegistry.dylib
0x000000000d4de000 	/System/Library/Frameworks/ImageIO.framework/Versions/A/Resources/libJPEG.dylib
0x000000000d4de000 	/System/Library/Frameworks/ImageIO.framework/Versions/A/Resources/libTIFF.dylib
0x000000000d4de000 	/System/Library/Frameworks/ImageIO.framework/Versions/A/Resources/libPng.dylib
0x000000000d4de000 	/System/Library/Frameworks/ImageIO.framework/Versions/A/Resources/libGIF.dylib
0x000000000d4de000 	/System/Library/Frameworks/ImageIO.framework/Versions/A/Resources/libJP2.dylib
0x000000000d4de000 	/System/Library/Frameworks/ImageIO.framework/Versions/A/Resources/libRadiance.dylib
0x000000000d4de000 	/usr/lib/libcompression.dylib
0x000000000d4de000 	/System/Library/PrivateFrameworks/AppleJPEG.framework/Versions/A/AppleJPEG
0x000000000d4de000 	/usr/lib/libcups.2.dylib
0x000000000d4de000 	/System/Library/Frameworks/Kerberos.framework/Versions/A/Kerberos
0x000000000d4de000 	/System/Library/Frameworks/GSS.framework/Versions/A/GSS
0x000000000d4de000 	/usr/lib/libresolv.9.dylib
0x000000000d4de000 	/usr/lib/libiconv.2.dylib
0x000000000d4de000 	/System/Library/PrivateFrameworks/Heimdal.framework/Versions/A/Heimdal
0x000000000d4de000 	/usr/lib/libheimdal-asn1.dylib
0x000000000d4de000 	/System/Library/Frameworks/OpenDirectory.framework/Versions/A/OpenDirectory
0x000000000d4de000 	/System/Library/PrivateFrameworks/CommonAuth.framework/Versions/A/CommonAuth
0x000000000d4de000 	/System/Library/Frameworks/OpenDirectory.framework/Versions/A/Frameworks/CFOpenDirectory.framework/Versions/A/CFOpenDirectory
0x000000000d4de000 	/System/Library/Frameworks/SecurityFoundation.framework/Versions/A/SecurityFoundation
0x000000000d4de000 	/System/Library/PrivateFrameworks/LanguageModeling.framework/Versions/A/LanguageModeling
0x000000000d4de000 	/usr/lib/libmarisa.dylib
0x000000000d4de000 	/usr/lib/libChineseTokenizer.dylib
0x000000000d4de000 	/usr/lib/libcmph.dylib
0x000000000d4de000 	/System/Library/PrivateFrameworks/CoreEmoji.framework/Versions/A/CoreEmoji
0x000000000d4de000 	/System/Library/Frameworks/ServiceManagement.framework/Versions/A/ServiceManagement
0x000000000d4de000 	/usr/lib/libxslt.1.dylib
0x000000000d4de000 	/System/Library/Frameworks/Carbon.framework/Versions/A/Frameworks/Ink.framework/Versions/A/Ink
0x000000000d4de000 	/System/Library/PrivateFrameworks/TextureIO.framework/Versions/A/TextureIO
0x000000000d4de000 	/System/Library/Frameworks/Metal.framework/Versions/A/Metal
0x000000000d4de000 	/usr/lib/libate.dylib
0x000000000d4de000 	/System/Library/PrivateFrameworks/GPUCompiler.framework/libmetal_timestamp.dylib
0x000000000d4de000 	/System/Library/Frameworks/OpenGL.framework/Versions/A/Libraries/libCoreFSCache.dylib
0x000000000d4de000 	/System/Library/PrivateFrameworks/IOAccelerator.framework/Versions/A/IOAccelerator
0x000000000d4de000 	/System/Library/Frameworks/CoreVideo.framework/Versions/A/CoreVideo
0x000000000d4de000 	/usr/lib/libFosl_dynamic.dylib
0x000000000d4de000 	/System/Library/PrivateFrameworks/MetalPerformanceShaders.framework/Versions/A/MetalPerformanceShaders
0x000000000d4de000 	/System/Library/PrivateFrameworks/FaceCore.framework/Versions/A/FaceCore
0x000000000d4de000 	/System/Library/Frameworks/OpenCL.framework/Versions/A/OpenCL
0x000000000d4de000 	/System/Library/Frameworks/OpenGL.framework/Versions/A/Libraries/libGLU.dylib
0x000000000d4de000 	/System/Library/Frameworks/OpenGL.framework/Versions/A/Libraries/libGFXShared.dylib
0x000000000d4de000 	/System/Library/Frameworks/OpenGL.framework/Versions/A/Libraries/libGL.dylib
0x000000000d4de000 	/System/Library/Frameworks/OpenGL.framework/Versions/A/Libraries/libGLImage.dylib
0x000000000d4de000 	/System/Library/Frameworks/OpenGL.framework/Versions/A/Libraries/libCVMSPluginSupport.dylib
0x000000000d4de000 	/System/Library/Frameworks/OpenGL.framework/Versions/A/Libraries/libCoreVMClient.dylib
0x000000000d4de000 	/System/Library/PrivateFrameworks/CrashReporterSupport.framework/Versions/A/CrashReporterSupport
0x000000000d4de000 	/System/Library/PrivateFrameworks/Sharing.framework/Versions/A/Sharing
0x000000000d4de000 	/System/Library/PrivateFrameworks/IconServices.framework/Versions/A/IconServices
0x000000000d4de000 	/System/Library/PrivateFrameworks/ProtocolBuffer.framework/Versions/A/ProtocolBuffer
0x000000000d4de000 	/System/Library/PrivateFrameworks/Apple80211.framework/Versions/A/Apple80211
0x000000000d4de000 	/System/Library/Frameworks/CoreWLAN.framework/Versions/A/CoreWLAN
0x000000000d4de000 	/System/Library/PrivateFrameworks/CoreUtils.framework/Versions/A/CoreUtils
0x000000000d4de000 	/System/Library/Frameworks/IOBluetooth.framework/Versions/A/IOBluetooth
0x000000000d4de000 	/System/Library/PrivateFrameworks/CoreWiFi.framework/Versions/A/CoreWiFi
0x000000000d4de000 	/System/Library/Frameworks/CoreBluetooth.framework/Versions/A/CoreBluetooth
0x000000000d4de000 	/System/Library/Frameworks/CoreDisplay.framework/Versions/A/CoreDisplay
0x000000000d4de000 	/System/Library/PrivateFrameworks/IOPresentment.framework/Versions/A/IOPresentment
0x000000000d4de000 	/System/Library/PrivateFrameworks/DSExternalDisplay.framework/Versions/A/DSExternalDisplay
0x000000000d4de000 	/System/Library/PrivateFrameworks/DebugSymbols.framework/Versions/A/DebugSymbols
0x000000000d4de000 	/System/Library/PrivateFrameworks/CoreSymbolication.framework/Versions/A/CoreSymbolication
0x000000000d4de000 	/System/Library/PrivateFrameworks/Symbolication.framework/Versions/A/Symbolication
0x000000000d4de000 	/System/Library/PrivateFrameworks/AppleFSCompression.framework/Versions/A/AppleFSCompression
0x000000000d4de000 	/System/Library/PrivateFrameworks/SpeechRecognitionCore.framework/Versions/A/SpeechRecognitionCore
0x000000000d4de000 	/System/Library/PrivateFrameworks/ChunkingLibrary.framework/Versions/A/ChunkingLibrary
0x000000004fcfa000 	/System/Library/CoreServices/Encodings/libJapaneseConverter.dylib
0x000000010b000000 	/private/var/folders/ls/1zfpscpx2q90z3dktb7wv7p40000gn/T/AppTranslocation/B1A54085-1A2D-4FFF-B2D1-73D67D8EBA81/d/Greenfoot.app/Contents/JDK/Home/jre/lib/server/libjvm.dylib
0x000000000d4de000 	/usr/lib/libstdc++.6.dylib
0x000000010a64c000 	/private/var/folders/ls/1zfpscpx2q90z3dktb7wv7p40000gn/T/AppTranslocation/B1A54085-1A2D-4FFF-B2D1-73D67D8EBA81/d/Greenfoot.app/Contents/JDK/Home/jre/lib/libverify.dylib
0x000000010a65a000 	/private/var/folders/ls/1zfpscpx2q90z3dktb7wv7p40000gn/T/AppTranslocation/B1A54085-1A2D-4FFF-B2D1-73D67D8EBA81/d/Greenfoot.app/Contents/JDK/Home/jre/lib/libjava.dylib
0x000000010a690000 	/private/var/folders/ls/1zfpscpx2q90z3dktb7wv7p40000gn/T/AppTranslocation/B1A54085-1A2D-4FFF-B2D1-73D67D8EBA81/d/Greenfoot.app/Contents/JDK/Home/jre/lib/libjdwp.dylib
0x000000010a6db000 	/private/var/folders/ls/1zfpscpx2q90z3dktb7wv7p40000gn/T/AppTranslocation/B1A54085-1A2D-4FFF-B2D1-73D67D8EBA81/d/Greenfoot.app/Contents/JDK/Home/jre/lib/libnpt.dylib
0x000000010a6e8000 	/private/var/folders/ls/1zfpscpx2q90z3dktb7wv7p40000gn/T/AppTranslocation/B1A54085-1A2D-4FFF-B2D1-73D67D8EBA81/d/Greenfoot.app/Contents/JDK/Home/jre/lib/libzip.dylib
0x0000000112808000 	/System/Library/Frameworks/JavaVM.framework/Frameworks/JavaRuntimeSupport.framework/JavaRuntimeSupport
0x0000000112822000 	/System/Library/Frameworks/JavaVM.framework/Versions/A/Frameworks/JavaNativeFoundation.framework/Versions/A/JavaNativeFoundation
0x000000010a7ee000 	/System/Library/Frameworks/JavaVM.framework/Versions/A/JavaVM
0x000000000d4de000 	/System/Library/Frameworks/Carbon.framework/Versions/A/Carbon
0x0000000112837000 	/System/Library/PrivateFrameworks/JavaLaunching.framework/Versions/A/JavaLaunching
0x000000000d4de000 	/System/Library/Frameworks/Carbon.framework/Versions/A/Frameworks/CommonPanels.framework/Versions/A/CommonPanels
0x000000000d4de000 	/System/Library/Frameworks/Carbon.framework/Versions/A/Frameworks/Help.framework/Versions/A/Help
0x000000000d4de000 	/System/Library/Frameworks/Carbon.framework/Versions/A/Frameworks/ImageCapture.framework/Versions/A/ImageCapture
0x000000000d4de000 	/System/Library/Frameworks/Carbon.framework/Versions/A/Frameworks/OpenScripting.framework/Versions/A/OpenScripting
0x000000000d4de000 	/System/Library/Frameworks/Carbon.framework/Versions/A/Frameworks/Print.framework/Versions/A/Print
0x000000000d4de000 	/System/Library/Frameworks/Carbon.framework/Versions/A/Frameworks/SecurityHI.framework/Versions/A/SecurityHI
0x0000000114140000 	/private/var/folders/ls/1zfpscpx2q90z3dktb7wv7p40000gn/T/AppTranslocation/B1A54085-1A2D-4FFF-B2D1-73D67D8EBA81/d/Greenfoot.app/Contents/JDK/Home/jre/lib/libdt_socket.dylib
0x0000000114174000 	/private/var/folders/ls/1zfpscpx2q90z3dktb7wv7p40000gn/T/AppTranslocation/B1A54085-1A2D-4FFF-B2D1-73D67D8EBA81/d/Greenfoot.app/Contents/JDK/Home/jre/lib/libawt.dylib
0x000000011421c000 	/private/var/folders/ls/1zfpscpx2q90z3dktb7wv7p40000gn/T/AppTranslocation/B1A54085-1A2D-4FFF-B2D1-73D67D8EBA81/d/Greenfoot.app/Contents/JDK/Home/jre/lib/./libmlib_image.dylib
0x00000001142e8000 	/private/var/folders/ls/1zfpscpx2q90z3dktb7wv7p40000gn/T/AppTranslocation/B1A54085-1A2D-4FFF-B2D1-73D67D8EBA81/d/Greenfoot.app/Contents/JDK/Home/jre/lib/libawt_lwawt.dylib
0x000000011439d000 	/private/var/folders/ls/1zfpscpx2q90z3dktb7wv7p40000gn/T/AppTranslocation/B1A54085-1A2D-4FFF-B2D1-73D67D8EBA81/d/Greenfoot.app/Contents/JDK/Home/jre/lib/./libosxapp.dylib
0x000000000d4de000 	/System/Library/Frameworks/ExceptionHandling.framework/Versions/A/ExceptionHandling
0x000000000d4de000 	/System/Library/PrivateFrameworks/CoreServicesInternal.framework/Versions/A/CoreServicesInternal
0x000000000d4de000 	/System/Library/CoreServices/RawCamera.bundle/Contents/MacOS/RawCamera
0x000000000d4de000 	/System/Library/Frameworks/Accelerate.framework/Versions/A/Frameworks/vImage.framework/Versions/A/Libraries/libCGInterfaces.dylib
0x000000000d4de000 	/System/Library/Frameworks/ApplicationServices.framework/Versions/A/Frameworks/ATS.framework/Versions/A/Resources/libTrueTypeScaler.dylib
0x00000001161db000 	/System/Library/Frameworks/OpenGL.framework/Resources/GLEngine.bundle/GLEngine
0x000000000d4de000 	/System/Library/Frameworks/OpenGL.framework/Versions/A/Libraries/libGLProgrammability.dylib
0x00000001163c0000 	/System/Library/Extensions/AppleIntelBDWGraphicsGLDriver.bundle/Contents/MacOS/AppleIntelBDWGraphicsGLDriver
0x000000000d4de000 	/System/Library/PrivateFrameworks/GPUSupport.framework/Versions/A/Libraries/libGPUSupportMercury.dylib
0x0000000114a9f000 	/System/Library/Frameworks/OpenGL.framework/Resources//GLRendererFloat.bundle/GLRendererFloat
0x000000000d4de000 	/System/Library/Frameworks/OpenCL.framework/Versions/A/Libraries/libcldcpuengine.dylib
0x000000000d4de000 	/usr/lib/libcrypto.0.9.8.dylib
0x000000000d4de000 	/System/Library/PrivateFrameworks/TrustEvaluationAgent.framework/Versions/A/TrustEvaluationAgent
0x0000000116b2a000 	/System/Library/Extensions/AppleIntelBDWGraphicsMTLDriver.bundle/Contents/MacOS/AppleIntelBDWGraphicsMTLDriver
0x000000000d4de000 	/System/Library/PrivateFrameworks/FamilyControls.framework/Versions/A/FamilyControls
0x000000000d4de000 	/System/Library/PrivateFrameworks/CommerceKit.framework/Versions/A/Frameworks/CommerceCore.framework/Versions/A/CommerceCore
0x000000000d4de000 	/System/Library/PrivateFrameworks/SystemAdministration.framework/Versions/A/SystemAdministration
0x000000000d4de000 	/System/Library/PrivateFrameworks/AppContainer.framework/Versions/A/AppContainer
0x000000000d4de000 	/System/Library/PrivateFrameworks/SecCodeWrapper.framework/Versions/A/SecCodeWrapper
0x000000000d4de000 	/System/Library/Frameworks/DirectoryService.framework/Versions/A/DirectoryService
0x000000000d4de000 	/System/Library/PrivateFrameworks/DiskImages.framework/Versions/A/DiskImages
0x000000000d4de000 	/System/Library/PrivateFrameworks/LoginUIKit.framework/Versions/A/Frameworks/LoginUICore.framework/Versions/A/LoginUICore
0x000000000d4de000 	/usr/lib/libCoreStorage.dylib
0x000000000d4de000 	/usr/lib/libcsfde.dylib
0x000000000d4de000 	/usr/lib/libodfde.dylib
0x000000000d4de000 	/System/Library/Frameworks/DiscRecording.framework/Versions/A/DiscRecording
0x000000000d4de000 	/usr/lib/libcurl.4.dylib
0x000000000d4de000 	/System/Library/PrivateFrameworks/MediaKit.framework/Versions/A/MediaKit
0x000000000d4de000 	/System/Library/PrivateFrameworks/ProtectedCloudStorage.framework/Versions/A/ProtectedCloudStorage
0x000000000d4de000 	/System/Library/PrivateFrameworks/EFILogin.framework/Versions/A/EFILogin
0x000000000d4de000 	/usr/lib/libutil.dylib
0x000000000d4de000 	/System/Library/Frameworks/LDAP.framework/Versions/A/LDAP
0x000000000d4de000 	/usr/lib/libsasl2.2.dylib
0x000000000d4de000 	/System/Library/PrivateFrameworks/CoreDaemon.framework/Versions/B/CoreDaemon
0x000000000d4de000 	/System/Library/PrivateFrameworks/AppleSRP.framework/Versions/A/AppleSRP
0x000000000d4de000 	/System/Library/PrivateFrameworks/APFS.framework/Versions/A/APFS
0x000000011731d000 	/private/var/folders/ls/1zfpscpx2q90z3dktb7wv7p40000gn/T/AppTranslocation/B1A54085-1A2D-4FFF-B2D1-73D67D8EBA81/d/Greenfoot.app/Contents/JDK/Home/jre/lib/libfontmanager.dylib
0x00000001173ae000 	/private/var/folders/ls/1zfpscpx2q90z3dktb7wv7p40000gn/T/AppTranslocation/B1A54085-1A2D-4FFF-B2D1-73D67D8EBA81/d/Greenfoot.app/Contents/JDK/Home/jre/lib/libnet.dylib
0x00000001283bb000 	/private/var/folders/ls/1zfpscpx2q90z3dktb7wv7p40000gn/T/AppTranslocation/B1A54085-1A2D-4FFF-B2D1-73D67D8EBA81/d/Greenfoot.app/Contents/JDK/Home/jre/lib/libnio.dylib
0x00000001283cb000 	/private/var/folders/ls/1zfpscpx2q90z3dktb7wv7p40000gn/T/AppTranslocation/B1A54085-1A2D-4FFF-B2D1-73D67D8EBA81/d/Greenfoot.app/Contents/JDK/Home/jre/lib/libprism_es2.dylib
0x00000001289ca000 	/private/var/folders/ls/1zfpscpx2q90z3dktb7wv7p40000gn/T/AppTranslocation/B1A54085-1A2D-4FFF-B2D1-73D67D8EBA81/d/Greenfoot.app/Contents/JDK/Home/jre/lib/libglass.dylib
0x000000012a1e7000 	/private/var/folders/ls/1zfpscpx2q90z3dktb7wv7p40000gn/T/AppTranslocation/B1A54085-1A2D-4FFF-B2D1-73D67D8EBA81/d/Greenfoot.app/Contents/JDK/Home/jre/lib/libosxui.dylib
0x0000000115dc3000 	/private/var/folders/ls/1zfpscpx2q90z3dktb7wv7p40000gn/T/AppTranslocation/B1A54085-1A2D-4FFF-B2D1-73D67D8EBA81/d/Greenfoot.app/Contents/JDK/Home/jre/lib/libjpeg.dylib
0x000000000d4de000 	/System/Library/PrivateFrameworks/ViewBridge.framework/Versions/A/ViewBridge
0x000000000d4de000 	/System/Library/PrivateFrameworks/XPCService.framework/Versions/A/XPCService
0x000000000d4de000 	/System/Library/PrivateFrameworks/AppSandbox.framework/Versions/A/AppSandbox
0x000000000d4de000 	/usr/lib/libsandbox.1.dylib
0x000000000d4de000 	/usr/lib/libMatch.1.dylib
0x000000015e623000 	/private/var/folders/ls/1zfpscpx2q90z3dktb7wv7p40000gn/T/AppTranslocation/B1A54085-1A2D-4FFF-B2D1-73D67D8EBA81/d/Greenfoot.app/Contents/JDK/Home/jre/lib/liblcms.dylib
0x000000015f106000 	/private/var/folders/ls/1zfpscpx2q90z3dktb7wv7p40000gn/T/AppTranslocation/B1A54085-1A2D-4FFF-B2D1-73D67D8EBA81/d/Greenfoot.app/Contents/JDK/Home/jre/lib/libdcpr.dylib

VM Arguments:
jvm_args: -Dawt.useSystemAAFontSettings=on -XX:MaxGCPauseMillis=50 -agentlib:jdwp=transport=dt_socket,address=127.0.0.1:50050 -Dfile.encoding=UTF-8 
java_command: bluej.runtime.ExecServer UTF-8
java_class_path (initial): /private/var/folders/ls/1zfpscpx2q90z3dktb7wv7p40000gn/T/AppTranslocation/B1A54085-1A2D-4FFF-B2D1-73D67D8EBA81/d/Greenfoot.app/Contents/Resources/Java/extensions/greenfoot.jar:/private/var/folders/ls/1zfpscpx2q90z3dktb7wv7p40000gn/T/AppTranslocation/B1A54085-1A2D-4FFF-B2D1-73D67D8EBA81/d/Greenfoot.app/Contents/Resources/Java/bluejcore.jar:/private/var/folders/ls/1zfpscpx2q90z3dktb7wv7p40000gn/T/AppTranslocation/B1A54085-1A2D-4FFF-B2D1-73D67D8EBA81/d/Greenfoot.app/Contents/Resources/Java/bluejeditor.jar:/private/var/folders/ls/1zfpscpx2q90z3dktb7wv7p40000gn/T/AppTranslocation/B1A54085-1A2D-4FFF-B2D1-73D67D8EBA81/d/Greenfoot.app/Contents/Resources/Java/bluejext.jar:/private/var/folders/ls/1zfpscpx2q90z3dktb7wv7p40000gn/T/AppTranslocation/B1A54085-1A2D-4FFF-B2D1-73D67D8EBA81/d/Greenfoot.app/Contents/Resources/Java/AppleJavaExtensions.jar:/private/var/folders/ls/1zfpscpx2q90z3dktb7wv7p40000gn/T/AppTranslocation/B1A54085-1A2D-4FFF-B2D1-73D67D8EBA81/d/Greenfoot.app/Contents/Resources/Java/junit-4.11.jar:/private/var/folders/ls/1zfpscpx2q90z3dktb7wv7p40000gn/T/AppTranslocation/B1A54085-1A2D-4FFF-B2D1-73D67D8EBA81/d/Greenfoot.app/Contents/Resources/Java/hamcrest-core-1.3.jar:/private/var/folders/ls/1zfpscpx2q90z3dktb7wv7p40000gn/T/AppTranslocation/B1A54085-1A2D-4FFF-B2D1-73D67D8EBA81/d/Greenfoot.app/Contents/Resources/Java/bluej.jar:/private/var/folders/ls/1zfpscpx2q90z3dktb7wv7p40000gn/T/AppTranslocation/B1A54085-1A2D-4FFF-B2D1-73D67D8EBA81/d/Greenfoot.app/Contents/Resources/Java/diffutils-1.2.1.jar:/private/var/folders/ls/1zfpscpx2q90z3dktb7wv7p40000gn/T/AppTranslocation/B1A54085-1A2D-4FFF-B2D1-73D67D8EBA81/d/Greenfoot.app/Contents/Resources/Java/commons-httpclient-3.1.jar:/private/var/folders/ls/1zfpscpx2q90z3dktb7wv7p40000gn/T/AppTranslocation/B1A54085-1A2D-4FFF-B2D1-73D67D8EBA81/d/Greenfoot.app/Contents/Resources/Java/commons-logging-api-1.1.2.jar:/private/var/folders/ls/1zfpscpx2q90z3dktb7wv7p40000gn/T/AppTranslocation/B1A54085-1A2D-4FFF-B
Launcher Type: SUN_STANDARD

Environment Variables:
PATH=/usr/bin:/bin:/usr/sbin:/sbin
SHELL=/bin/bash

Signal Handlers:
SIGSEGV: [libjvm.dylib+0x5b03ed], sa_mask[0]=11111111011111110111111111111111, sa_flags=SA_ONSTACK|SA_RESTART|SA_SIGINFO
SIGBUS: [libjvm.dylib+0x5b03ed], sa_mask[0]=11111111011111110111111111111111, sa_flags=SA_RESTART|SA_SIGINFO
SIGFPE: [libjvm.dylib+0x48711c], sa_mask[0]=11111111011111110111111111111111, sa_flags=SA_RESTART|SA_SIGINFO
SIGPIPE: [libjvm.dylib+0x48711c], sa_mask[0]=11111111011111110111111111111111, sa_flags=SA_RESTART|SA_SIGINFO
SIGXFSZ: [libjvm.dylib+0x48711c], sa_mask[0]=11111111011111110111111111111111, sa_flags=SA_RESTART|SA_SIGINFO
SIGILL: [libjvm.dylib+0x48711c], sa_mask[0]=11111111011111110111111111111111, sa_flags=SA_RESTART|SA_SIGINFO
SIGUSR1: SIG_DFL, sa_mask[0]=00000000000000000000000000000000, sa_flags=none
SIGUSR2: [libjvm.dylib+0x486c3a], sa_mask[0]=00100000000000000000000000000000, sa_flags=SA_RESTART|SA_SIGINFO
SIGHUP: [libjvm.dylib+0x485211], sa_mask[0]=11111111011111110111111111111111, sa_flags=SA_RESTART|SA_SIGINFO
SIGINT: [libjvm.dylib+0x485211], sa_mask[0]=11111111011111110111111111111111, sa_flags=SA_RESTART|SA_SIGINFO
SIGTERM: [libjvm.dylib+0x485211], sa_mask[0]=11111111011111110111111111111111, sa_flags=SA_RESTART|SA_SIGINFO
SIGQUIT: [libjvm.dylib+0x485211], sa_mask[0]=11111111011111110111111111111111, sa_flags=SA_RESTART|SA_SIGINFO


---------------  S Y S T E M  ---------------

OS:Bsduname:Darwin 16.6.0 Darwin Kernel Version 16.6.0: Fri Apr 14 16:21:16 PDT 2017; root:xnu-3789.60.24~6/RELEASE_X86_64 x86_64
rlimit: STACK 8192k, CORE 0k, NPROC 709, NOFILE 10240, AS infinity
load average:2.19 2.53 2.52

CPU:total 4 (2 cores per cpu, 2 threads per core) family 6 model 61 stepping 4, cmov, cx8, fxsr, mmx, sse, sse2, sse3, ssse3, sse4.1, sse4.2, popcnt, avx, avx2, aes, clmul, erms, rtm, 3dnowpref, lzcnt, ht, tsc, tscinvbit, bmi1, bmi2, adx

Memory: 4k page, physical 8388608k(469896k free)

/proc/meminfo:


vm_info: Java HotSpot(TM) 64-Bit Server VM (25.111-b14) for bsd-amd64 JRE (1.8.0_111-b14), built on Sep 22 2016 15:31:41 by "java_re" with gcc 4.2.1 (Based on Apple Inc. build 5658) (LLVM build 2336.11.00)

time: Fri Jul  7 02:18:26 2017
elapsed time: 3697 seconds (0d 1h 1m 37s)

